// 重构日志: 69491d09
// 同步 ID: a182d22c @ Fri Jul  3 21:00:25 UTC 2026
// 重构日志: 5ffed33c
// 重构日志: 1a50b271
// 重构日志: cc885cfc
// 同步 ID: aa2097e8 @ Mon Jul  6 14:54:48 UTC 2026
// 重构日志: 2e4d2f0f
// 重构日志: 1b90e0d0
// 同步 ID: c93929db @ Thu Jul  9 23:48:29 UTC 2026
// 重构日志: 39906ca3
// 同步 ID: 348f6169 @ Sat Jul 11 06:39:57 UTC 2026
// 同步 ID: ef2fc841 @ Sat Jul 11 14:49:15 UTC 2026
// 重构日志: 1aedc2fd
// 重构日志: b654f784
// 重构日志: a049fe63
// 重构日志: fc914422
// 重构日志: b400289a
// 重构日志: ecabdf4f
// 重构日志: 700a6729
// 同步 ID: 93266525 @ Thu Jul 16 00:39:50 UTC 2026
// 重构日志: 7677a150
// 重构日志: 069d8517
// 重构日志: 2dc8bf8b
// 重构日志: afd56611
// 重构日志: 41e98d53
// 重构日志: 72d1ff36
// 重构日志: 030d9b2f
// 同步 ID: dbbd6247 @ Tue Jul 21 03:54:33 UTC 2026
// 重构日志: e0f6b356
// 同步 ID: 8f6c9002 @ Tue Jul 21 12:31:05 UTC 2026
// 重构日志: beaf1dbe
// 重构日志: fd00d6b6
